{"name": "Change profile name", "status": "broken", "statusDetails": {"message": "selenium.common.exceptions.TimeoutException: Message: \nStacktrace:\n\tGetHandleVerifier [0x00007FF6EF759632+30946]\n\t(No symbol) [0x00007FF6EF70E3C9]\n\t(No symbol) [0x00007FF6EF606FDA]\n\t(No symbol) [0x00007FF6EF65822C]\n\t(No symbol) [0x00007FF6EF65850C]\n\t(No symbol) [0x00007FF6EF69DCB7]\n\t(No symbol) [0x00007FF6EF67CAAF]\n\t(No symbol) [0x00007FF6EF69B041]\n\t(No symbol) [0x00007FF6EF67C813]\n\t(No symbol) [0x00007FF6EF64A6E5]\n\t(No symbol) [0x00007FF6EF64B021]\n\tGetHandleVerifier [0x00007FF6EF88F83D+1301229]\n\tGetHandleVerifier [0x00007FF6EF89BDB7+1351783]\n\tGetHandleVerifier [0x00007FF6EF892A03+1313971]\n\tGetHandleVerifier [0x00007FF6EF78DD06+245686]\n\t(No symbol) [0x00007FF6EF71758F]\n\t(No symbol) [0x00007FF6EF713804]\n\t(No symbol) [0x00007FF6EF713992]\n\t(No symbol) [0x00007FF6EF70A3EF]\n\tBaseThreadInitThunk [0x00007FFADE267034+20]\n\tRtlUserThreadStart [0x00007FFADE3A2651+33]", "trace": "self = <send_mail_test.TestMail object at 0x000001A6279E3F10>\n\n    @allure.title(\"Change profile name\")\n    @allure.severity(\"Critical\")\n    def test_send_mail(self):\n        self.login_page.open()\n        self.login_page.enter_btn_click()\n        self.login_page.switch_to_iframe()\n        self.login_page.enter_login(self.data.LOGIN)\n        self.login_page.submit_btn_click()\n        self.login_page.enter_password(self.data.PASSWORD)\n        self.login_page.submit_btn_click()\n    \n        address_list = [\"tany_27_07@mail.ru\", \"test\", \"78rule@mail.ru\"]\n        mail_subject = \"test subject\"\n        mail_body = \"test mail\"\n    \n        self.login_page.open()\n        # time.sleep(5)\n        for address in address_list:\n>           self.mail_page.wright_letter_btn_click()\n\ntests\\send_mail_test.py:30: \n_ _ _ _ _ _ _ _ _ _ _ _ _ _ _ _ _ _ _ _ _ _ _ _ _ _ _ _ _ _ _ _ _ _ _ _ _ _ _ _ _ _ _ _ _ _ _ _ _ _ _ _ _ _ _ _ _ _ _ _ _ _ _ _ _ _ _ _ _ _ _ _ _ _ _ _ _ _ _ _ _ _ _ _ _ _ _ _ _ _ _ _ _ \npages\\mail_page.py:23: in wright_letter_btn_click\n    self.wait.until(EC.element_to_be_clickable(self.WRIGHT_LETTER_BTN)).click()\n_ _ _ _ _ _ _ _ _ _ _ _ _ _ _ _ _ _ _ _ _ _ _ _ _ _ _ _ _ _ _ _ _ _ _ _ _ _ _ _ _ _ _ _ _ _ _ _ _ _ _ _ _ _ _ _ _ _ _ _ _ _ _ _ _ _ _ _ _ _ _ _ _ _ _ _ _ _ _ _ _ _ _ _ _ _ _ _ _ _ _ _ _ \n\nself = <selenium.webdriver.support.wait.WebDriverWait (session=\"65e25b03cbf1ed61151b5321555629df\")>, method = <function element_to_be_clickable.<locals>._predicate at 0x000001A627401700>\nmessage = ''\n\n    def until(self, method: Callable[[D], Union[Literal[False], T]], message: str = \"\") -> T:\n        \"\"\"Calls the method provided with the driver as an argument until the \\\n        return value does not evaluate to ``False``.\n    \n        :param method: callable(WebDriver)\n        :param message: optional message for :exc:`TimeoutException`\n        :returns: the result of the last call to `method`\n        :raises: :exc:`selenium.common.exceptions.TimeoutException` if timeout occurs\n        \"\"\"\n        screen = None\n        stacktrace = None\n    \n        end_time = time.monotonic() + self._timeout\n        while True:\n            try:\n                value = method(self._driver)\n                if value:\n                    return value\n            except self._ignored_exceptions as exc:\n                screen = getattr(exc, \"screen\", None)\n                stacktrace = getattr(exc, \"stacktrace\", None)\n            time.sleep(self._poll)\n            if time.monotonic() > end_time:\n                break\n>       raise TimeoutException(message, screen, stacktrace)\nE       selenium.common.exceptions.TimeoutException: Message: \nE       Stacktrace:\nE       \tGetHandleVerifier [0x00007FF6EF759632+30946]\nE       \t(No symbol) [0x00007FF6EF70E3C9]\nE       \t(No symbol) [0x00007FF6EF606FDA]\nE       \t(No symbol) [0x00007FF6EF65822C]\nE       \t(No symbol) [0x00007FF6EF65850C]\nE       \t(No symbol) [0x00007FF6EF69DCB7]\nE       \t(No symbol) [0x00007FF6EF67CAAF]\nE       \t(No symbol) [0x00007FF6EF69B041]\nE       \t(No symbol) [0x00007FF6EF67C813]\nE       \t(No symbol) [0x00007FF6EF64A6E5]\nE       \t(No symbol) [0x00007FF6EF64B021]\nE       \tGetHandleVerifier [0x00007FF6EF88F83D+1301229]\nE       \tGetHandleVerifier [0x00007FF6EF89BDB7+1351783]\nE       \tGetHandleVerifier [0x00007FF6EF892A03+1313971]\nE       \tGetHandleVerifier [0x00007FF6EF78DD06+245686]\nE       \t(No symbol) [0x00007FF6EF71758F]\nE       \t(No symbol) [0x00007FF6EF713804]\nE       \t(No symbol) [0x00007FF6EF713992]\nE       \t(No symbol) [0x00007FF6EF70A3EF]\nE       \tBaseThreadInitThunk [0x00007FFADE267034+20]\nE       \tRtlUserThreadStart [0x00007FFADE3A2651+33]\n\nvenv\\lib\\site-packages\\selenium\\webdriver\\support\\wait.py:105: TimeoutException"}, "steps": [{"name": "Успешно открыта страница https://mail.ru ", "status": "passed", "start": 1722822103824, "stop": 1722822109691}, {"name": "Успешно введен логин", "status": "passed", "parameters": [{"name": "login", "value": "'78rule@mail.ru'"}], "start": 1722822119942, "stop": 1722822120460}, {"name": "Успешно произведен вход в учетную запись", "status": "passed", "start": 1722822120460, "stop": 1722822120840}, {"name": "Успешно введен пароль", "status": "passed", "parameters": [{"name": "password", "value": "'741175yo@'"}], "start": 1722822120841, "stop": 1722822122074}, {"name": "Успешно произведен вход в учетную запись", "status": "passed", "start": 1722822122074, "stop": 1722822122425}, {"name": "Успешно открыта страница https://mail.ru ", "status": "passed", "start": 1722822122425, "stop": 1722822126597}, {"name": "Письмо успешно отправлено", "status": "passed", "parameters": [{"name": "email", "value": "'tany_27_07@mail.ru'"}], "start": 1722822128380, "stop": 1722822128552}, {"name": "Успешно открыта страница https://mail.ru ", "status": "passed", "start": 1722822128552, "stop": 1722822130210}], "start": 1722822103823, "stop": 1722822140558, "uuid": "52ef9e66-617c-4bca-9a19-95395df905a3", "historyId": "641ec6622112ee736ce7c4813f9d1149", "testCaseId": "641ec6622112ee736ce7c4813f9d1149", "fullName": "tests.send_mail_test.TestMail#test_send_mail", "labels": [{"name": "severity", "value": "Critical"}, {"name": "feature", "value": "Mail functionality"}, {"name": "parentSuite", "value": "tests"}, {"name": "suite", "value": "send_mail_test"}, {"name": "subSuite", "value": "TestMail"}, {"name": "host", "value": "DESKTOP-3S4V3B3"}, {"name": "thread", "value": "13764-MainThread"}, {"name": "framework", "value": "pytest"}, {"name": "language", "value": "cpython3"}, {"name": "package", "value": "tests.send_mail_test"}]}